mode: set
github.com/bigssbyy/snippetbox/internal/models/mocks/snippets.go:19.87,21.2 1 0
github.com/bigssbyy/snippetbox/internal/models/mocks/snippets.go:23.60,24.12 1 0
github.com/bigssbyy/snippetbox/internal/models/mocks/snippets.go:25.9,26.26 1 0
github.com/bigssbyy/snippetbox/internal/models/mocks/snippets.go:27.10,28.46 1 0
github.com/bigssbyy/snippetbox/internal/models/mocks/snippets.go:31.59,33.2 1 0
github.com/bigssbyy/snippetbox/internal/models/mocks/users.go:9.64,10.15 1 0
github.com/bigssbyy/snippetbox/internal/models/mocks/users.go:11.26,12.34 1 0
github.com/bigssbyy/snippetbox/internal/models/mocks/users.go:13.10,14.13 1 0
github.com/bigssbyy/snippetbox/internal/models/mocks/users.go:17.71,18.60 1 0
github.com/bigssbyy/snippetbox/internal/models/mocks/users.go:18.60,20.3 1 0
github.com/bigssbyy/snippetbox/internal/models/mocks/users.go:21.2,21.40 1 0
github.com/bigssbyy/snippetbox/internal/models/mocks/users.go:23.50,24.12 1 0
github.com/bigssbyy/snippetbox/internal/models/mocks/users.go:25.9,26.19 1 0
github.com/bigssbyy/snippetbox/internal/models/mocks/users.go:27.10,28.20 1 0
github.com/bigssbyy/snippetbox/internal/assert/assert.go:8.60,15.24 2 0
github.com/bigssbyy/snippetbox/internal/assert/assert.go:15.24,17.3 1 0
github.com/bigssbyy/snippetbox/internal/assert/assert.go:20.69,24.50 2 0
github.com/bigssbyy/snippetbox/internal/assert/assert.go:24.50,26.3 1 0
github.com/bigssbyy/snippetbox/internal/assert/assert.go:30.43,34.19 2 0
github.com/bigssbyy/snippetbox/internal/assert/assert.go:34.19,36.3 1 0
github.com/bigssbyy/snippetbox/internal/models/validator/validator.go:15.34,17.2 1 0
github.com/bigssbyy/snippetbox/internal/models/validator/validator.go:19.56,21.26 1 0
github.com/bigssbyy/snippetbox/internal/models/validator/validator.go:21.26,23.3 1 0
github.com/bigssbyy/snippetbox/internal/models/validator/validator.go:25.2,25.46 1 0
github.com/bigssbyy/snippetbox/internal/models/validator/validator.go:25.46,27.3 1 0
github.com/bigssbyy/snippetbox/internal/models/validator/validator.go:30.62,31.9 1 0
github.com/bigssbyy/snippetbox/internal/models/validator/validator.go:31.9,33.3 1 0
github.com/bigssbyy/snippetbox/internal/models/validator/validator.go:36.34,38.2 1 0
github.com/bigssbyy/snippetbox/internal/models/validator/validator.go:40.41,42.2 1 0
github.com/bigssbyy/snippetbox/internal/models/validator/validator.go:44.71,46.2 1 0
github.com/bigssbyy/snippetbox/internal/models/validator/validator.go:55.41,57.2 1 0
github.com/bigssbyy/snippetbox/internal/models/validator/validator.go:59.52,61.2 1 0
github.com/bigssbyy/snippetbox/internal/models/validator/validator.go:63.54,65.2 1 0
github.com/bigssbyy/snippetbox/internal/assert/assert.go:8.60,15.24 2 1
github.com/bigssbyy/snippetbox/internal/assert/assert.go:15.24,17.3 1 0
github.com/bigssbyy/snippetbox/internal/assert/assert.go:20.69,24.50 2 0
github.com/bigssbyy/snippetbox/internal/assert/assert.go:24.50,26.3 1 0
github.com/bigssbyy/snippetbox/internal/assert/assert.go:30.43,34.19 2 1
github.com/bigssbyy/snippetbox/internal/assert/assert.go:34.19,36.3 1 0
github.com/bigssbyy/snippetbox/internal/models/snippets.go:32.87,45.16 3 0
github.com/bigssbyy/snippetbox/internal/models/snippets.go:45.16,47.3 1 0
github.com/bigssbyy/snippetbox/internal/models/snippets.go:51.2,52.16 2 0
github.com/bigssbyy/snippetbox/internal/models/snippets.go:52.16,54.3 1 0
github.com/bigssbyy/snippetbox/internal/models/snippets.go:58.2,58.21 1 0
github.com/bigssbyy/snippetbox/internal/models/snippets.go:62.53,84.16 5 0
github.com/bigssbyy/snippetbox/internal/models/snippets.go:84.16,89.36 1 0
github.com/bigssbyy/snippetbox/internal/models/snippets.go:89.36,91.4 1 0
github.com/bigssbyy/snippetbox/internal/models/snippets.go:91.9,93.4 1 0
github.com/bigssbyy/snippetbox/internal/models/snippets.go:96.2,96.15 1 0
github.com/bigssbyy/snippetbox/internal/models/snippets.go:100.52,108.16 3 0
github.com/bigssbyy/snippetbox/internal/models/snippets.go:108.16,110.3 1 0
github.com/bigssbyy/snippetbox/internal/models/snippets.go:117.2,128.18 3 0
github.com/bigssbyy/snippetbox/internal/models/snippets.go:128.18,138.17 3 0
github.com/bigssbyy/snippetbox/internal/models/snippets.go:138.17,140.4 1 0
github.com/bigssbyy/snippetbox/internal/models/snippets.go:143.3,143.33 1 0
github.com/bigssbyy/snippetbox/internal/models/snippets.go:146.2,146.34 1 0
github.com/bigssbyy/snippetbox/internal/models/snippets.go:146.34,148.3 1 0
github.com/bigssbyy/snippetbox/internal/models/snippets.go:150.2,150.22 1 0
github.com/bigssbyy/snippetbox/internal/models/users.go:31.64,34.16 2 0
github.com/bigssbyy/snippetbox/internal/models/users.go:34.16,36.3 1 0
github.com/bigssbyy/snippetbox/internal/models/users.go:38.2,41.16 3 0
github.com/bigssbyy/snippetbox/internal/models/users.go:41.16,44.34 2 0
github.com/bigssbyy/snippetbox/internal/models/users.go:44.34,45.91 1 0
github.com/bigssbyy/snippetbox/internal/models/users.go:45.91,47.5 1 0
github.com/bigssbyy/snippetbox/internal/models/users.go:49.3,49.13 1 0
github.com/bigssbyy/snippetbox/internal/models/users.go:52.2,52.12 1 0
github.com/bigssbyy/snippetbox/internal/models/users.go:55.71,62.16 5 0
github.com/bigssbyy/snippetbox/internal/models/users.go:62.16,63.36 1 0
github.com/bigssbyy/snippetbox/internal/models/users.go:63.36,65.4 1 0
github.com/bigssbyy/snippetbox/internal/models/users.go:65.9,67.4 1 0
github.com/bigssbyy/snippetbox/internal/models/users.go:70.2,71.16 2 0
github.com/bigssbyy/snippetbox/internal/models/users.go:71.16,72.58 1 0
github.com/bigssbyy/snippetbox/internal/models/users.go:72.58,74.4 1 0
github.com/bigssbyy/snippetbox/internal/models/users.go:74.9,76.4 1 0
github.com/bigssbyy/snippetbox/internal/models/users.go:78.2,78.16 1 0
github.com/bigssbyy/snippetbox/internal/models/users.go:81.50,89.2 4 1
github.com/bigssbyy/snippetbox/cmd/web/handlers.go:34.70,37.16 2 0
github.com/bigssbyy/snippetbox/cmd/web/handlers.go:37.16,40.3 2 0
github.com/bigssbyy/snippetbox/cmd/web/handlers.go:45.2,48.52 3 0
github.com/bigssbyy/snippetbox/cmd/web/handlers.go:51.77,56.26 3 1
github.com/bigssbyy/snippetbox/cmd/web/handlers.go:56.26,59.3 2 1
github.com/bigssbyy/snippetbox/cmd/web/handlers.go:61.2,62.16 2 1
github.com/bigssbyy/snippetbox/cmd/web/handlers.go:62.16,63.41 1 1
github.com/bigssbyy/snippetbox/cmd/web/handlers.go:63.41,65.4 1 1
github.com/bigssbyy/snippetbox/cmd/web/handlers.go:65.9,67.4 1 0
github.com/bigssbyy/snippetbox/cmd/web/handlers.go:68.3,68.9 1 1
github.com/bigssbyy/snippetbox/cmd/web/handlers.go:71.2,74.52 3 1
github.com/bigssbyy/snippetbox/cmd/web/handlers.go:77.79,85.2 3 0
github.com/bigssbyy/snippetbox/cmd/web/handlers.go:87.83,90.16 2 0
github.com/bigssbyy/snippetbox/cmd/web/handlers.go:90.16,93.3 2 0
github.com/bigssbyy/snippetbox/cmd/web/handlers.go:95.2,102.16 3 0
github.com/bigssbyy/snippetbox/cmd/web/handlers.go:102.16,105.3 2 0
github.com/bigssbyy/snippetbox/cmd/web/handlers.go:114.2,122.19 5 0
github.com/bigssbyy/snippetbox/cmd/web/handlers.go:122.19,127.3 4 0
github.com/bigssbyy/snippetbox/cmd/web/handlers.go:130.2,131.16 2 0
github.com/bigssbyy/snippetbox/cmd/web/handlers.go:131.16,134.3 2 0
github.com/bigssbyy/snippetbox/cmd/web/handlers.go:135.2,137.79 2 0
github.com/bigssbyy/snippetbox/cmd/web/handlers.go:140.76,144.2 3 1
github.com/bigssbyy/snippetbox/cmd/web/handlers.go:146.80,149.16 3 1
github.com/bigssbyy/snippetbox/cmd/web/handlers.go:149.16,152.3 2 0
github.com/bigssbyy/snippetbox/cmd/web/handlers.go:154.2,160.19 6 1
github.com/bigssbyy/snippetbox/cmd/web/handlers.go:160.19,165.3 4 1
github.com/bigssbyy/snippetbox/cmd/web/handlers.go:167.2,168.16 2 1
github.com/bigssbyy/snippetbox/cmd/web/handlers.go:168.16,169.47 1 1
github.com/bigssbyy/snippetbox/cmd/web/handlers.go:169.47,175.4 4 1
github.com/bigssbyy/snippetbox/cmd/web/handlers.go:175.9,177.4 1 0
github.com/bigssbyy/snippetbox/cmd/web/handlers.go:179.3,179.9 1 1
github.com/bigssbyy/snippetbox/cmd/web/handlers.go:182.2,184.57 2 1
github.com/bigssbyy/snippetbox/cmd/web/handlers.go:187.75,191.2 3 0
github.com/bigssbyy/snippetbox/cmd/web/handlers.go:193.79,198.16 3 0
github.com/bigssbyy/snippetbox/cmd/web/handlers.go:198.16,201.3 2 0
github.com/bigssbyy/snippetbox/cmd/web/handlers.go:206.2,210.19 4 0
github.com/bigssbyy/snippetbox/cmd/web/handlers.go:210.19,215.3 4 0
github.com/bigssbyy/snippetbox/cmd/web/handlers.go:219.2,220.16 2 0
github.com/bigssbyy/snippetbox/cmd/web/handlers.go:220.16,221.51 1 0
github.com/bigssbyy/snippetbox/cmd/web/handlers.go:221.51,226.4 4 0
github.com/bigssbyy/snippetbox/cmd/web/handlers.go:226.9,228.4 1 0
github.com/bigssbyy/snippetbox/cmd/web/handlers.go:235.2,236.16 2 0
github.com/bigssbyy/snippetbox/cmd/web/handlers.go:236.16,239.3 2 0
github.com/bigssbyy/snippetbox/cmd/web/handlers.go:243.2,246.61 2 0
github.com/bigssbyy/snippetbox/cmd/web/handlers.go:249.80,252.16 2 0
github.com/bigssbyy/snippetbox/cmd/web/handlers.go:252.16,255.3 2 0
github.com/bigssbyy/snippetbox/cmd/web/handlers.go:257.2,261.47 3 0
github.com/bigssbyy/snippetbox/cmd/web/handlers.go:264.51,266.2 1 1
github.com/bigssbyy/snippetbox/cmd/web/helpers.go:15.88,23.2 3 0
github.com/bigssbyy/snippetbox/cmd/web/helpers.go:25.72,27.2 1 1
github.com/bigssbyy/snippetbox/cmd/web/helpers.go:29.57,31.2 1 1
github.com/bigssbyy/snippetbox/cmd/web/helpers.go:33.116,36.9 2 1
github.com/bigssbyy/snippetbox/cmd/web/helpers.go:36.9,40.3 3 0
github.com/bigssbyy/snippetbox/cmd/web/helpers.go:43.2,48.16 3 1
github.com/bigssbyy/snippetbox/cmd/web/helpers.go:48.16,51.3 2 0
github.com/bigssbyy/snippetbox/cmd/web/helpers.go:54.2,58.16 2 1
github.com/bigssbyy/snippetbox/cmd/web/helpers.go:61.71,70.2 1 1
github.com/bigssbyy/snippetbox/cmd/web/helpers.go:72.72,74.16 2 1
github.com/bigssbyy/snippetbox/cmd/web/helpers.go:74.16,76.3 1 0
github.com/bigssbyy/snippetbox/cmd/web/helpers.go:78.2,79.16 2 1
github.com/bigssbyy/snippetbox/cmd/web/helpers.go:79.16,81.42 2 0
github.com/bigssbyy/snippetbox/cmd/web/helpers.go:81.42,82.14 1 0
github.com/bigssbyy/snippetbox/cmd/web/helpers.go:84.3,84.13 1 0
github.com/bigssbyy/snippetbox/cmd/web/helpers.go:86.2,86.12 1 1
github.com/bigssbyy/snippetbox/cmd/web/helpers.go:89.63,91.9 2 1
github.com/bigssbyy/snippetbox/cmd/web/helpers.go:91.9,93.3 1 1
github.com/bigssbyy/snippetbox/cmd/web/helpers.go:94.2,94.24 1 0
github.com/bigssbyy/snippetbox/cmd/web/main.go:33.13,45.16 6 0
github.com/bigssbyy/snippetbox/cmd/web/main.go:45.16,48.3 2 0
github.com/bigssbyy/snippetbox/cmd/web/main.go:50.2,54.16 3 0
github.com/bigssbyy/snippetbox/cmd/web/main.go:54.16,57.3 2 0
github.com/bigssbyy/snippetbox/cmd/web/main.go:59.2,103.12 12 0
github.com/bigssbyy/snippetbox/cmd/web/main.go:106.42,108.16 2 0
github.com/bigssbyy/snippetbox/cmd/web/main.go:108.16,110.3 1 0
github.com/bigssbyy/snippetbox/cmd/web/main.go:112.2,113.16 2 0
github.com/bigssbyy/snippetbox/cmd/web/main.go:113.16,116.3 2 0
github.com/bigssbyy/snippetbox/cmd/web/main.go:117.2,117.16 1 0
github.com/bigssbyy/snippetbox/cmd/web/middleware.go:11.52,12.71 1 1
github.com/bigssbyy/snippetbox/cmd/web/middleware.go:12.71,21.3 6 1
github.com/bigssbyy/snippetbox/cmd/web/middleware.go:24.68,25.71 1 1
github.com/bigssbyy/snippetbox/cmd/web/middleware.go:25.71,36.3 3 1
github.com/bigssbyy/snippetbox/cmd/web/middleware.go:39.70,40.71 1 1
github.com/bigssbyy/snippetbox/cmd/web/middleware.go:40.71,43.16 1 1
github.com/bigssbyy/snippetbox/cmd/web/middleware.go:43.16,46.36 1 1
github.com/bigssbyy/snippetbox/cmd/web/middleware.go:46.36,52.5 2 0
github.com/bigssbyy/snippetbox/cmd/web/middleware.go:55.3,55.23 1 1
github.com/bigssbyy/snippetbox/cmd/web/middleware.go:60.79,61.71 1 1
github.com/bigssbyy/snippetbox/cmd/web/middleware.go:61.71,65.30 1 0
github.com/bigssbyy/snippetbox/cmd/web/middleware.go:65.30,67.4 1 0
github.com/bigssbyy/snippetbox/cmd/web/middleware.go:72.3,75.23 2 0
github.com/bigssbyy/snippetbox/cmd/web/middleware.go:79.45,87.2 3 1
github.com/bigssbyy/snippetbox/cmd/web/middleware.go:89.70,90.71 1 1
github.com/bigssbyy/snippetbox/cmd/web/middleware.go:90.71,96.14 2 1
github.com/bigssbyy/snippetbox/cmd/web/middleware.go:96.14,99.4 2 1
github.com/bigssbyy/snippetbox/cmd/web/middleware.go:103.3,104.17 2 0
github.com/bigssbyy/snippetbox/cmd/web/middleware.go:104.17,107.4 2 0
github.com/bigssbyy/snippetbox/cmd/web/middleware.go:113.3,113.13 1 0
github.com/bigssbyy/snippetbox/cmd/web/middleware.go:113.13,116.4 2 0
github.com/bigssbyy/snippetbox/cmd/web/middleware.go:118.3,118.23 1 0
github.com/bigssbyy/snippetbox/cmd/web/routes.go:11.47,14.82 2 1
github.com/bigssbyy/snippetbox/cmd/web/routes.go:14.82,16.3 1 1
github.com/bigssbyy/snippetbox/cmd/web/routes.go:21.2,49.30 16 1
github.com/bigssbyy/snippetbox/cmd/web/templates.go:27.36,29.16 1 1
github.com/bigssbyy/snippetbox/cmd/web/templates.go:29.16,31.3 1 1
github.com/bigssbyy/snippetbox/cmd/web/templates.go:33.2,33.47 1 1
github.com/bigssbyy/snippetbox/cmd/web/templates.go:40.64,49.16 3 1
github.com/bigssbyy/snippetbox/cmd/web/templates.go:49.16,51.3 1 0
github.com/bigssbyy/snippetbox/cmd/web/templates.go:54.2,54.29 1 1
github.com/bigssbyy/snippetbox/cmd/web/templates.go:54.29,71.17 4 1
github.com/bigssbyy/snippetbox/cmd/web/templates.go:71.17,73.4 1 0
github.com/bigssbyy/snippetbox/cmd/web/templates.go:77.3,77.19 1 1
github.com/bigssbyy/snippetbox/cmd/web/templates.go:81.2,81.19 1 1
github.com/bigssbyy/snippetbox/internal/assert/assert.go:8.60,15.24 2 1
github.com/bigssbyy/snippetbox/internal/assert/assert.go:15.24,17.3 1 0
github.com/bigssbyy/snippetbox/internal/assert/assert.go:20.69,24.50 2 1
github.com/bigssbyy/snippetbox/internal/assert/assert.go:24.50,26.3 1 0
github.com/bigssbyy/snippetbox/internal/assert/assert.go:30.43,34.19 2 0
github.com/bigssbyy/snippetbox/internal/assert/assert.go:34.19,36.3 1 0
github.com/bigssbyy/snippetbox/internal/models/mocks/snippets.go:19.87,21.2 1 0
github.com/bigssbyy/snippetbox/internal/models/mocks/snippets.go:23.60,24.12 1 1
github.com/bigssbyy/snippetbox/internal/models/mocks/snippets.go:25.9,26.26 1 1
github.com/bigssbyy/snippetbox/internal/models/mocks/snippets.go:27.10,28.46 1 1
github.com/bigssbyy/snippetbox/internal/models/mocks/snippets.go:31.59,33.2 1 0
github.com/bigssbyy/snippetbox/internal/models/mocks/users.go:9.64,10.15 1 1
github.com/bigssbyy/snippetbox/internal/models/mocks/users.go:11.26,12.34 1 1
github.com/bigssbyy/snippetbox/internal/models/mocks/users.go:13.10,14.13 1 1
github.com/bigssbyy/snippetbox/internal/models/mocks/users.go:17.71,18.60 1 0
github.com/bigssbyy/snippetbox/internal/models/mocks/users.go:18.60,20.3 1 0
github.com/bigssbyy/snippetbox/internal/models/mocks/users.go:21.2,21.40 1 0
github.com/bigssbyy/snippetbox/internal/models/mocks/users.go:23.50,24.12 1 0
github.com/bigssbyy/snippetbox/internal/models/mocks/users.go:25.9,26.19 1 0
github.com/bigssbyy/snippetbox/internal/models/mocks/users.go:27.10,28.20 1 0
github.com/bigssbyy/snippetbox/internal/models/validator/validator.go:15.34,17.2 1 1
github.com/bigssbyy/snippetbox/internal/models/validator/validator.go:19.56,21.26 1 1
github.com/bigssbyy/snippetbox/internal/models/validator/validator.go:21.26,23.3 1 1
github.com/bigssbyy/snippetbox/internal/models/validator/validator.go:25.2,25.46 1 1
github.com/bigssbyy/snippetbox/internal/models/validator/validator.go:25.46,27.3 1 1
github.com/bigssbyy/snippetbox/internal/models/validator/validator.go:30.62,31.9 1 1
github.com/bigssbyy/snippetbox/internal/models/validator/validator.go:31.9,33.3 1 1
github.com/bigssbyy/snippetbox/internal/models/validator/validator.go:36.34,38.2 1 1
github.com/bigssbyy/snippetbox/internal/models/validator/validator.go:40.41,42.2 1 0
github.com/bigssbyy/snippetbox/internal/models/validator/validator.go:44.71,46.2 1 0
github.com/bigssbyy/snippetbox/internal/models/validator/validator.go:55.41,57.2 1 1
github.com/bigssbyy/snippetbox/internal/models/validator/validator.go:59.52,61.2 1 1
github.com/bigssbyy/snippetbox/internal/models/validator/validator.go:63.54,65.2 1 0
